<?xml version="1.0" encoding="UTF-8"?>
<!-- Generated by org.testng.reporters.JUnitReportReporter -->
<testsuite hostname="laptop-202417" failures="0" tests="11" name="in.gic.staticpagestest.LoginPageTest" time="14.835" errors="0" timestamp="2024-09-06T11:19:01 IST" skipped="0">
  <testcase classname="in.gic.staticpagestest.LoginPageTest" name="testForgotPasswordLink" time="0.651">
    <system-out>
      <![CDATA[===== TEST FORGOT PASSWORD LINK =====]]>
    </system-out>
  </testcase> <!-- testForgotPasswordLink -->
  <testcase classname="in.gic.staticpagestest.LoginPageTest" name="testIncorrectEmail" time="1.306">
    <system-out>
      <![CDATA[===== TEST INCORRECT EMAIL =====]]>
    </system-out>
  </testcase> <!-- testIncorrectEmail -->
  <testcase classname="in.gic.staticpagestest.LoginPageTest" name="testEmptyCredentials" time="0.366">
    <system-out>
      <![CDATA[===== TEST EMPTY CREDENTIALS =====]]>
    </system-out>
  </testcase> <!-- testEmptyCredentials -->
  <testcase classname="in.gic.staticpagestest.LoginPageTest" name="testSigninDiscord" time="3.669">
    <system-out>
      <![CDATA[===== TEST SIGN IN WITH DISCORD =====]]>
    </system-out>
  </testcase> <!-- testSigninDiscord -->
  <testcase classname="in.gic.staticpagestest.LoginPageTest" name="testEmptyEmail" time="0.347">
    <system-out>
      <![CDATA[===== TEST EMPTY EMAIL =====]]>
    </system-out>
  </testcase> <!-- testEmptyEmail -->
  <testcase classname="in.gic.staticpagestest.LoginPageTest" name="testLoginSucessful" time="2.451">
    <system-out>
      <![CDATA[===== TEST LOGIN SUCCESSFUL =====]]>
    </system-out>
  </testcase> <!-- testLoginSucessful -->
  <testcase classname="in.gic.staticpagestest.LoginPageTest" name="testIncorrectCredentials" time="1.642">
    <system-out>
      <![CDATA[===== TEST INCORRECT EMAIL & PASSWORD =====]]>
    </system-out>
  </testcase> <!-- testIncorrectCredentials -->
  <testcase classname="in.gic.staticpagestest.LoginPageTest" name="testSignupLink" time="0.684">
    <system-out>
      <![CDATA[===== TEST SIGN UP LINK =====]]>
    </system-out>
  </testcase> <!-- testSignupLink -->
  <testcase classname="in.gic.staticpagestest.LoginPageTest" name="testIncorrectPassword" time="1.632">
    <system-out>
      <![CDATA[===== TEST INCORRECT PASSWORD =====]]>
    </system-out>
  </testcase> <!-- testIncorrectPassword -->
  <testcase classname="in.gic.staticpagestest.LoginPageTest" name="testEmptyPassword" time="0.747">
    <system-out>
      <![CDATA[===== TEST EMPTY PASSWORD =====]]>
    </system-out>
  </testcase> <!-- testEmptyPassword -->
  <testcase classname="in.gic.staticpagestest.LoginPageTest" name="testInvalidEmail" time="1.340">
    <system-out>
      <![CDATA[===== TEST INVALID EMAIL =====]]>
    </system-out>
  </testcase> <!-- testInvalidEmail -->
  <system-out>
    <![CDATA[===== LOGIN PAGE OPENED, ALL ELEMENTS DISPLAYED=====
===== TEST EMPTY CREDENTIALS =====
===== TEST EMPTY EMAIL =====
===== TEST EMPTY PASSWORD =====
===== TEST FORGOT PASSWORD LINK =====
===== TEST INCORRECT EMAIL & PASSWORD =====
===== TEST INCORRECT EMAIL =====
===== TEST INCORRECT PASSWORD =====
===== TEST INVALID EMAIL =====
===== TEST LOGIN SUCCESSFUL =====
===== TEST SIGN IN WITH DISCORD =====
===== TEST SIGN UP LINK =====]]>
  </system-out>
</testsuite> <!-- in.gic.staticpagestest.LoginPageTest -->
